<?xml version="1.0" encoding="UTF-8"?>
<testng-results ignored="0" total="1" passed="1" failed="0" skipped="0">
  <reporter-output>
  </reporter-output>
  <suite started-at="2022-11-04T14:03:01 IST" name="Default suite" finished-at="2022-11-04T14:03:06 IST" duration-ms="5290">
    <groups>
    </groups>
    <test started-at="2022-11-04T14:03:01 IST" name="Default test" finished-at="2022-11-04T14:03:06 IST" duration-ms="5290">
      <class name="TestBase.LogoutTest">
        <test-method is-config="true" signature="main()[pri:0, instance:TestBase.LogoutTest@537f60bf]" started-at="2022-11-04T14:02:58 IST" name="main" finished-at="2022-11-04T14:03:01 IST" duration-ms="2823" status="PASS">
          <reporter-output>
          </reporter-output>
        </test-method> <!-- main -->
        <test-method is-config="true" signature="Login()[pri:0, instance:TestBase.LogoutTest@537f60bf]" started-at="2022-11-04T14:03:01 IST" name="Login" finished-at="2022-11-04T14:03:03 IST" duration-ms="2479" status="PASS">
          <reporter-output>
          </reporter-output>
        </test-method> <!-- Login -->
        <test-method signature="Logout()[pri:0, instance:TestBase.LogoutTest@537f60bf]" started-at="2022-11-04T14:03:03 IST" name="Logout" finished-at="2022-11-04T14:03:06 IST" duration-ms="2750" status="PASS">
          <reporter-output>
          </reporter-output>
        </test-method> <!-- Logout -->
        <test-method is-config="true" signature="closeChrome()[pri:0, instance:TestBase.LogoutTest@537f60bf]" started-at="2022-11-04T14:03:06 IST" name="closeChrome" finished-at="2022-11-04T14:03:06 IST" duration-ms="0" status="PASS">
          <reporter-output>
          </reporter-output>
        </test-method> <!-- closeChrome -->
      </class> <!-- TestBase.LogoutTest -->
    </test> <!-- Default test -->
  </suite> <!-- Default suite -->
</testng-results>
